[www.jameswilliams.design/index.html]
[backblue.gif]
[fade.gif]
[index.html]
[cdn.prod.website-files.com/646bb626f5c2104941dd5a26/css/james-williams.webflow.0a75ae673.min.css]
[ajax.googleapis.com/ajax/libs/webfont/1.6.26/webfont.js]
[cdn.prod.website-files.com/646bb626f5c2104941dd5a26/646e2e1a568e1412db98ac73_favicon.png]
[cdn.prod.website-files.com/646bb626f5c2104941dd5a26/646e2e3d6ca538092d67f09e_favicon 2.png]
[cdn.prod.website-files.com/646bb626f5c2104941dd5a26/6602c5e281eadab2db89dcd1_merc.png]
[cdn.prod.website-files.com/646bb626f5c2104941dd5a26/6602c52fe46d55419c8a05e7_Ocado logo.png]
[www.jameswilliams.design/enate.html]
[www.jameswilliams.design/relo.html]
[www.jameswilliams.design/ocado-mercedes-benz.html]
[www.jameswilliams.design/the-cornerstone-finance-group.html]
[www.jameswilliams.design/team-up-marketing.html]
[d3e54v103j8qbb.cloudfront.net/js/jquery-3.5.1.min.dc5e7f18c872db.js]
[cdn.prod.website-files.com/646bb626f5c2104941dd5a26/js/webflow.7973e4593.js]
[cdnjs.cloudflare.com/ajax/libs/gsap/3.11.3/gsap.min.js]
[cdnjs.cloudflare.com/ajax/libs/gsap/3.11.3/ScrollTrigger.min.js]
[cdnjs.cloudflare.com/ajax/libs/gsap/3.11.3/TextPlugin.min.js]
[ajax.googleapis.com/ajax/libs/jquery/3.6.0/jquery.min.js]
[www.jameswilliams.design/index.html]
[cdn.prod.website-files.com/646bb626f5c2104941dd5a26/css/james-williams.webflow.0a75ae673.min.css]
[www.jameswilliams.design/enate.html]
[www.jameswilliams.design/relo.html]
[www.jameswilliams.design/ocado-mercedes-benz.html]
[www.jameswilliams.design/the-cornerstone-finance-group.html]
[www.jameswilliams.design/team-up-marketing.html]
